<?xml version="1.0" encoding="UTF-8"?>
<!-- Generated by org.testng.reporters.JUnitReportReporter -->
<testsuite hostname="DESKTOP-BEBTCQ0" failures="0" tests="1" name="testPackage.SendKeysTest" time="0.478" errors="0" timestamp="2022-05-24T09:34:00 IST" skipped="0">
  <testcase classname="testPackage.SendKeysTest" name="sendKeysTest" time="0.478"/>
  <system-out/>
</testsuite> <!-- testPackage.SendKeysTest -->
