<?xml version="1.0" encoding="UTF-8"?>
<!-- Generated by org.testng.reporters.JUnitReportReporter -->
<testsuite hostname="DESKTOP-BEBTCQ0" failures="0" tests="1" name="RetestingSendKey" time="0.354" errors="0" timestamp="2022-04-17T18:51:25 IST" skipped="0">
  <testcase classname="RetestingSendKey" name="launchURL" time="0.354"/>
  <system-out/>
</testsuite> <!-- RetestingSendKey -->
