<?xml version="1.0" encoding="UTF-8"?>
<!-- Generated by org.testng.reporters.JUnitReportReporter -->
<testsuite hostname="DESKTOP-BEBTCQ0" failures="0" tests="1" name="testPackage.AutoSuggestionsTest" time="3.337" errors="0" timestamp="2022-05-30T17:18:35 IST" skipped="0">
  <testcase classname="testPackage.AutoSuggestionsTest" name="autoSuggestionTest" time="3.337"/>
  <system-out/>
</testsuite> <!-- testPackage.AutoSuggestionsTest -->
