<?xml version="1.0" encoding="UTF-8"?>
<!-- Generated by org.testng.reporters.JUnitReportReporter -->
<testsuite hostname="DESKTOP-BEBTCQ0" failures="0" tests="1" name="testPackage.NewTest" time="0.015" errors="0" timestamp="2022-05-29T15:12:38 IST" skipped="0">
  <testcase classname="testPackage.NewTest" name="firstTest" time="0.015"/>
  <system-out/>
</testsuite> <!-- testPackage.NewTest -->
